<?xml version="1.0" encoding="UTF-8"?>
<!-- Generated by org.testng.reporters.JUnitReportReporter -->
<testsuite hostname="Rasel" name="tt.runners.RunnerClass" tests="4" failures="0" timestamp="4 Dec 2021 18:39:52 GMT" time="103.679" errors="0">
  <testcase name="feature" time="13.956" classname="tt.runners.RunnerClass"/>
  <testcase name="feature" time="8.371" classname="tt.runners.RunnerClass"/>
  <testcase name="feature" time="47.839" classname="tt.runners.RunnerClass"/>
  <testcase name="feature" time="33.513" classname="tt.runners.RunnerClass"/>
</testsuite> <!-- tt.runners.RunnerClass -->
